Analysis & Synthesis report for ca5Q
Tue Jan 02 22:37:33 2024
Quartus Prime Version 20.1.0 Build 711 06/05/2020 SJ Lite Edition


---------------------
; Table of Contents ;
---------------------
  1. Legal Notice
  2. Analysis & Synthesis Summary
  3. Analysis & Synthesis Settings
  4. Parallel Compilation
  5. Analysis & Synthesis Source Files Read
  6. Analysis & Synthesis Resource Usage Summary
  7. Analysis & Synthesis Resource Utilization by Entity
  8. State Machine - |ca5Q|sqd1:inst|ps
  9. State Machine - |ca5Q|controller1:inst3|pstate
 10. Registers Removed During Synthesis
 11. General Register Statistics
 12. Multiplexer Restructuring Statistics (Restructuring Performed)
 13. Parameter Settings for User Entity Instance: controller1:inst3
 14. Post-Synthesis Netlist Statistics for Top Partition
 15. Elapsed Time Per Partition
 16. Analysis & Synthesis Messages



----------------
; Legal Notice ;
----------------
Copyright (C) 2020  Intel Corporation. All rights reserved.
Your use of Intel Corporation's design tools, logic functions 
and other software and tools, and any partner logic 
functions, and any output files from any of the foregoing 
(including device programming or simulation files), and any 
associated documentation or information are expressly subject 
to the terms and conditions of the Intel Program License 
Subscription Agreement, the Intel Quartus Prime License Agreement,
the Intel FPGA IP License Agreement, or other applicable license
agreement, including, without limitation, that your use is for
the sole purpose of programming logic devices manufactured by
Intel and sold by Intel or its authorized distributors.  Please
refer to the applicable agreement for further details, at
https://fpgasoftware.intel.com/eula.



+----------------------------------------------------------------------------------+
; Analysis & Synthesis Summary                                                     ;
+------------------------------------+---------------------------------------------+
; Analysis & Synthesis Status        ; Successful - Tue Jan 02 22:37:33 2024       ;
; Quartus Prime Version              ; 20.1.0 Build 711 06/05/2020 SJ Lite Edition ;
; Revision Name                      ; ca5Q                                        ;
; Top-level Entity Name              ; ca5Q                                        ;
; Family                             ; Cyclone IV GX                               ;
; Total logic elements               ; 46                                          ;
;     Total combinational functions  ; 44                                          ;
;     Dedicated logic registers      ; 31                                          ;
; Total registers                    ; 31                                          ;
; Total pins                         ; 4                                           ;
; Total virtual pins                 ; 0                                           ;
; Total memory bits                  ; 0                                           ;
; Embedded Multiplier 9-bit elements ; 0                                           ;
; Total GXB Receiver Channel PCS     ; 0                                           ;
; Total GXB Receiver Channel PMA     ; 0                                           ;
; Total GXB Transmitter Channel PCS  ; 0                                           ;
; Total GXB Transmitter Channel PMA  ; 0                                           ;
; Total PLLs                         ; 0                                           ;
+------------------------------------+---------------------------------------------+


+------------------------------------------------------------------------------------------------------------+
; Analysis & Synthesis Settings                                                                              ;
+------------------------------------------------------------------+--------------------+--------------------+
; Option                                                           ; Setting            ; Default Value      ;
+------------------------------------------------------------------+--------------------+--------------------+
; Device                                                           ; EP4CGX15BF14A7     ;                    ;
; Top-level entity name                                            ; ca5Q               ; ca5Q               ;
; Family name                                                      ; Cyclone IV GX      ; Cyclone V          ;
; Use smart compilation                                            ; Off                ; Off                ;
; Enable parallel Assembler and Timing Analyzer during compilation ; On                 ; On                 ;
; Enable compact report table                                      ; Off                ; Off                ;
; Restructure Multiplexers                                         ; Auto               ; Auto               ;
; Create Debugging Nodes for IP Cores                              ; Off                ; Off                ;
; Preserve fewer node names                                        ; On                 ; On                 ;
; Intel FPGA IP Evaluation Mode                                    ; Enable             ; Enable             ;
; Verilog Version                                                  ; Verilog_2001       ; Verilog_2001       ;
; VHDL Version                                                     ; VHDL_1993          ; VHDL_1993          ;
; State Machine Processing                                         ; Auto               ; Auto               ;
; Safe State Machine                                               ; Off                ; Off                ;
; Extract Verilog State Machines                                   ; On                 ; On                 ;
; Extract VHDL State Machines                                      ; On                 ; On                 ;
; Ignore Verilog initial constructs                                ; Off                ; Off                ;
; Iteration limit for constant Verilog loops                       ; 5000               ; 5000               ;
; Iteration limit for non-constant Verilog loops                   ; 250                ; 250                ;
; Add Pass-Through Logic to Inferred RAMs                          ; On                 ; On                 ;
; Infer RAMs from Raw Logic                                        ; On                 ; On                 ;
; Parallel Synthesis                                               ; On                 ; On                 ;
; DSP Block Balancing                                              ; Auto               ; Auto               ;
; NOT Gate Push-Back                                               ; On                 ; On                 ;
; Power-Up Don't Care                                              ; On                 ; On                 ;
; Remove Redundant Logic Cells                                     ; Off                ; Off                ;
; Remove Duplicate Registers                                       ; On                 ; On                 ;
; Ignore CARRY Buffers                                             ; Off                ; Off                ;
; Ignore CASCADE Buffers                                           ; Off                ; Off                ;
; Ignore GLOBAL Buffers                                            ; Off                ; Off                ;
; Ignore ROW GLOBAL Buffers                                        ; Off                ; Off                ;
; Ignore LCELL Buffers                                             ; Off                ; Off                ;
; Ignore SOFT Buffers                                              ; On                 ; On                 ;
; Limit AHDL Integers to 32 Bits                                   ; Off                ; Off                ;
; Optimization Technique                                           ; Balanced           ; Balanced           ;
; Carry Chain Length                                               ; 70                 ; 70                 ;
; Auto Carry Chains                                                ; On                 ; On                 ;
; Auto Open-Drain Pins                                             ; On                 ; On                 ;
; Perform WYSIWYG Primitive Resynthesis                            ; Off                ; Off                ;
; Auto ROM Replacement                                             ; On                 ; On                 ;
; Auto RAM Replacement                                             ; On                 ; On                 ;
; Auto DSP Block Replacement                                       ; On                 ; On                 ;
; Auto Shift Register Replacement                                  ; Auto               ; Auto               ;
; Allow Shift Register Merging across Hierarchies                  ; Auto               ; Auto               ;
; Auto Clock Enable Replacement                                    ; On                 ; On                 ;
; Strict RAM Replacement                                           ; Off                ; Off                ;
; Allow Synchronous Control Signals                                ; On                 ; On                 ;
; Force Use of Synchronous Clear Signals                           ; Off                ; Off                ;
; Auto RAM Block Balancing                                         ; On                 ; On                 ;
; Auto RAM to Logic Cell Conversion                                ; Off                ; Off                ;
; Auto Resource Sharing                                            ; Off                ; Off                ;
; Allow Any RAM Size For Recognition                               ; Off                ; Off                ;
; Allow Any ROM Size For Recognition                               ; Off                ; Off                ;
; Allow Any Shift Register Size For Recognition                    ; Off                ; Off                ;
; Use LogicLock Constraints during Resource Balancing              ; On                 ; On                 ;
; Ignore translate_off and synthesis_off directives                ; Off                ; Off                ;
; Timing-Driven Synthesis                                          ; On                 ; On                 ;
; Report Parameter Settings                                        ; On                 ; On                 ;
; Report Source Assignments                                        ; On                 ; On                 ;
; Report Connectivity Checks                                       ; On                 ; On                 ;
; Ignore Maximum Fan-Out Assignments                               ; Off                ; Off                ;
; Synchronization Register Chain Length                            ; 2                  ; 2                  ;
; Power Optimization During Synthesis                              ; Normal compilation ; Normal compilation ;
; HDL message level                                                ; Level2             ; Level2             ;
; Suppress Register Optimization Related Messages                  ; Off                ; Off                ;
; Number of Removed Registers Reported in Synthesis Report         ; 5000               ; 5000               ;
; Number of Swept Nodes Reported in Synthesis Report               ; 5000               ; 5000               ;
; Number of Inverted Registers Reported in Synthesis Report        ; 100                ; 100                ;
; Clock MUX Protection                                             ; On                 ; On                 ;
; Auto Gated Clock Conversion                                      ; Off                ; Off                ;
; Block Design Naming                                              ; Auto               ; Auto               ;
; SDC constraint protection                                        ; Off                ; Off                ;
; Synthesis Effort                                                 ; Auto               ; Auto               ;
; Shift Register Replacement - Allow Asynchronous Clear Signal     ; On                 ; On                 ;
; Pre-Mapping Resynthesis Optimization                             ; Off                ; Off                ;
; Analysis & Synthesis Message Level                               ; Medium             ; Medium             ;
; Disable Register Merging Across Hierarchies                      ; Auto               ; Auto               ;
; Resource Aware Inference For Block RAM                           ; On                 ; On                 ;
+------------------------------------------------------------------+--------------------+--------------------+


+------------------------------------------+
; Parallel Compilation                     ;
+----------------------------+-------------+
; Processors                 ; Number      ;
+----------------------------+-------------+
; Number detected on machine ; 16          ;
; Maximum allowed            ; 16          ;
;                            ;             ;
; Average used               ; 1.00        ;
; Maximum used               ; 16          ;
;                            ;             ;
; Usage by Processor         ; % Time Used ;
;     Processor 1            ; 100.0%      ;
;     Processors 2-16        ;   0.0%      ;
+----------------------------+-------------+


+-------------------------------------------------------------------------------------------------------------------------------------------------+
; Analysis & Synthesis Source Files Read                                                                                                          ;
+----------------------------------+-----------------+------------------------------------+---------------------------------------------+---------+
; File Name with User-Entered Path ; Used in Netlist ; File Type                          ; File Name with Absolute Path                ; Library ;
+----------------------------------+-----------------+------------------------------------+---------------------------------------------+---------+
; ca5Q.bdf                         ; yes             ; User Block Diagram/Schematic File  ; C:/Users/ROG/Desktop/myCA5/ca5/ca5Q.bdf     ;         ;
; sqd.v                            ; yes             ; User Verilog HDL File              ; C:/Users/ROG/Desktop/myCA5/ca5/sqd.v        ;         ;
; cnt_shift.v                      ; yes             ; User Verilog HDL File              ; C:/Users/ROG/Desktop/myCA5/ca5/cnt_shift.v  ;         ;
; buf_cnt.v                        ; yes             ; User Verilog HDL File              ; C:/Users/ROG/Desktop/myCA5/ca5/buf_cnt.v    ;         ;
; controller.v                     ; yes             ; User Verilog HDL File              ; C:/Users/ROG/Desktop/myCA5/ca5/controller.v ;         ;
+----------------------------------+-----------------+------------------------------------+---------------------------------------------+---------+


+---------------------------------------------+
; Analysis & Synthesis Resource Usage Summary ;
+--------------------------+------------------+
; Resource                 ; Usage            ;
+--------------------------+------------------+
; I/O pins                 ; 4                ;
;                          ;                  ;
; DSP block 9-bit elements ; 0                ;
;                          ;                  ;
; Maximum fan-out node     ; clock~input      ;
; Maximum fan-out          ; 31               ;
; Total fan-out            ; 229              ;
; Average fan-out          ; 2.76             ;
+--------------------------+------------------+


+--------------------------------------------------------------------------------------------------------------------------------------------------------------------------------------------------------------------------+
; Analysis & Synthesis Resource Utilization by Entity                                                                                                                                                                      ;
+----------------------------+---------------------+---------------------------+-------------+--------------+---------+-----------+-----------+------+--------------+-------------------------+-------------+--------------+
; Compilation Hierarchy Node ; Combinational ALUTs ; Dedicated Logic Registers ; Memory Bits ; DSP Elements ; DSP 9x9 ; DSP 18x18 ; DSP 36x36 ; Pins ; Virtual Pins ; Full Hierarchy Name     ; Entity Name ; Library Name ;
+----------------------------+---------------------+---------------------------+-------------+--------------+---------+-----------+-----------+------+--------------+-------------------------+-------------+--------------+
; |ca5Q                      ; 44 (0)              ; 31 (0)                    ; 0           ; 0            ; 0       ; 0         ; 0         ; 4    ; 0            ; |ca5Q                   ; ca5Q        ; work         ;
;    |buf_cnt1:inst2|        ; 11 (11)             ; 10 (10)                   ; 0           ; 0            ; 0       ; 0         ; 0         ; 0    ; 0            ; |ca5Q|buf_cnt1:inst2    ; buf_cnt1    ; work         ;
;    |cnt_shift1:inst1|      ; 20 (20)             ; 11 (11)                   ; 0           ; 0            ; 0       ; 0         ; 0         ; 0    ; 0            ; |ca5Q|cnt_shift1:inst1  ; cnt_shift1  ; work         ;
;    |controller1:inst3|     ; 6 (6)               ; 3 (3)                     ; 0           ; 0            ; 0       ; 0         ; 0         ; 0    ; 0            ; |ca5Q|controller1:inst3 ; controller1 ; work         ;
;    |sqd1:inst|             ; 7 (7)               ; 7 (7)                     ; 0           ; 0            ; 0       ; 0         ; 0         ; 0    ; 0            ; |ca5Q|sqd1:inst         ; sqd1        ; work         ;
+----------------------------+---------------------+---------------------------+-------------+--------------+---------+-----------+-----------+------+--------------+-------------------------+-------------+--------------+
Note: For table entries with two numbers listed, the numbers in parentheses indicate the number of resources of the given type used by the specific entity alone. The numbers listed outside of parentheses indicate the total resources of the given type used by the specific entity and all of its sub-entities in the hierarchy.


Encoding Type:  One-Hot
+--------------------------------------------------------------------------------+
; State Machine - |ca5Q|sqd1:inst|ps                                             ;
+--------+--------+--------+--------+--------+--------+--------+--------+--------+
; Name   ; ps.111 ; ps.110 ; ps.101 ; ps.100 ; ps.011 ; ps.010 ; ps.001 ; ps.000 ;
+--------+--------+--------+--------+--------+--------+--------+--------+--------+
; ps.000 ; 0      ; 0      ; 0      ; 0      ; 0      ; 0      ; 0      ; 0      ;
; ps.001 ; 0      ; 0      ; 0      ; 0      ; 0      ; 0      ; 1      ; 1      ;
; ps.010 ; 0      ; 0      ; 0      ; 0      ; 0      ; 1      ; 0      ; 1      ;
; ps.011 ; 0      ; 0      ; 0      ; 0      ; 1      ; 0      ; 0      ; 1      ;
; ps.100 ; 0      ; 0      ; 0      ; 1      ; 0      ; 0      ; 0      ; 1      ;
; ps.101 ; 0      ; 0      ; 1      ; 0      ; 0      ; 0      ; 0      ; 1      ;
; ps.110 ; 0      ; 1      ; 0      ; 0      ; 0      ; 0      ; 0      ; 1      ;
; ps.111 ; 1      ; 0      ; 0      ; 0      ; 0      ; 0      ; 0      ; 1      ;
+--------+--------+--------+--------+--------+--------+--------+--------+--------+


Encoding Type:  One-Hot
+-------------------------------------------------+
; State Machine - |ca5Q|controller1:inst3|pstate  ;
+------------+------------+-----------+-----------+
; Name       ; pstate.seq ; pstate.tr ; pstate.nt ;
+------------+------------+-----------+-----------+
; pstate.seq ; 0          ; 0         ; 0         ;
; pstate.nt  ; 1          ; 0         ; 1         ;
; pstate.tr  ; 1          ; 1         ; 0         ;
+------------+------------+-----------+-----------+


+------------------------------------------------------------+
; Registers Removed During Synthesis                         ;
+---------------------------------------+--------------------+
; Register name                         ; Reason for Removal ;
+---------------------------------------+--------------------+
; sqd1:inst|ps~4                        ; Lost fanout        ;
; sqd1:inst|ps~5                        ; Lost fanout        ;
; sqd1:inst|ps~6                        ; Lost fanout        ;
; sqd1:inst|ps.000                      ; Lost fanout        ;
; Total Number of Removed Registers = 4 ;                    ;
+---------------------------------------+--------------------+


+------------------------------------------------------+
; General Register Statistics                          ;
+----------------------------------------------+-------+
; Statistic                                    ; Value ;
+----------------------------------------------+-------+
; Total registers                              ; 31    ;
; Number of registers using Synchronous Clear  ; 0     ;
; Number of registers using Synchronous Load   ; 8     ;
; Number of registers using Asynchronous Clear ; 29    ;
; Number of registers using Asynchronous Load  ; 0     ;
; Number of registers using Clock Enable       ; 19    ;
; Number of registers using Preset             ; 0     ;
+----------------------------------------------+-------+


+------------------------------------------------------------------------------------------------------------------------------------------------+
; Multiplexer Restructuring Statistics (Restructuring Performed)                                                                                 ;
+--------------------+-----------+---------------+----------------------+------------------------+------------+----------------------------------+
; Multiplexer Inputs ; Bus Width ; Baseline Area ; Area if Restructured ; Saving if Restructured ; Registered ; Example Multiplexer Output       ;
+--------------------+-----------+---------------+----------------------+------------------------+------------+----------------------------------+
; 3:1                ; 11 bits   ; 22 LEs        ; 11 LEs               ; 11 LEs                 ; Yes        ; |ca5Q|cnt_shift1:inst1|PO_cnt[2] ;
; 3:1                ; 8 bits    ; 16 LEs        ; 8 LEs                ; 8 LEs                  ; Yes        ; |ca5Q|buf_cnt1:inst2|PO[7]       ;
+--------------------+-----------+---------------+----------------------+------------------------+------------+----------------------------------+


+----------------------------------------------------------------+
; Parameter Settings for User Entity Instance: controller1:inst3 ;
+----------------+-------+---------------------------------------+
; Parameter Name ; Value ; Type                                  ;
+----------------+-------+---------------------------------------+
; seq            ; 00    ; Unsigned Binary                       ;
; nt             ; 01    ; Unsigned Binary                       ;
; tr             ; 10    ; Unsigned Binary                       ;
+----------------+-------+---------------------------------------+
Note: In order to hide this table in the UI and the text report file, please set the "Show Parameter Settings in Synthesis Report" option in "Analysis and Synthesis Settings -> More Settings" to "Off".


+-----------------------------------------------------+
; Post-Synthesis Netlist Statistics for Top Partition ;
+-----------------------+-----------------------------+
; Type                  ; Count                       ;
+-----------------------+-----------------------------+
; boundary_port         ; 4                           ;
; cycloneiii_ff         ; 31                          ;
;     CLR               ; 10                          ;
;     ENA CLR           ; 11                          ;
;     ENA CLR SLD       ; 8                           ;
;     plain             ; 2                           ;
; cycloneiii_io_obuf    ; 1                           ;
; cycloneiii_lcell_comb ; 44                          ;
;     arith             ; 7                           ;
;         2 data inputs ; 7                           ;
;     normal            ; 37                          ;
;         1 data inputs ; 9                           ;
;         2 data inputs ; 18                          ;
;         3 data inputs ; 2                           ;
;         4 data inputs ; 8                           ;
;                       ;                             ;
; Max LUT depth         ; 2.00                        ;
; Average LUT depth     ; 1.29                        ;
+-----------------------+-----------------------------+


+-------------------------------+
; Elapsed Time Per Partition    ;
+----------------+--------------+
; Partition Name ; Elapsed Time ;
+----------------+--------------+
; Top            ; 00:00:00     ;
+----------------+--------------+


+-------------------------------+
; Analysis & Synthesis Messages ;
+-------------------------------+
Info: *******************************************************************
Info: Running Quartus Prime Analysis & Synthesis
    Info: Version 20.1.0 Build 711 06/05/2020 SJ Lite Edition
    Info: Processing started: Tue Jan 02 22:37:27 2024
Info: Command: quartus_map --read_settings_files=on --write_settings_files=off ca5Q -c ca5Q
Warning (18236): Number of processors has not been specified which may cause overloading on shared machines.  Set the global assignment NUM_PARALLEL_PROCESSORS in your QSF to an appropriate value for best performance.
Info (20030): Parallel compilation is enabled and will use 16 of the 16 processors detected
Info (12021): Found 1 design units, including 1 entities, in source file ca5q.bdf
    Info (12023): Found entity 1: ca5Q
Info (12021): Found 1 design units, including 1 entities, in source file sqd.v
    Info (12023): Found entity 1: sqd1 File: C:/Users/ROG/Desktop/myCA5/ca5/sqd.v Line: 3
Info (12021): Found 1 design units, including 1 entities, in source file cnt_shift.v
    Info (12023): Found entity 1: cnt_shift1 File: C:/Users/ROG/Desktop/myCA5/ca5/cnt_shift.v Line: 3
Info (12021): Found 1 design units, including 1 entities, in source file buf_cnt.v
    Info (12023): Found entity 1: buf_cnt1 File: C:/Users/ROG/Desktop/myCA5/ca5/buf_cnt.v Line: 3
Info (12021): Found 1 design units, including 1 entities, in source file controller.v
    Info (12023): Found entity 1: controller1 File: C:/Users/ROG/Desktop/myCA5/ca5/controller.v Line: 3
Info (12127): Elaborating entity "ca5Q" for the top level hierarchy
Info (12128): Elaborating entity "buf_cnt1" for hierarchy "buf_cnt1:inst2"
Warning (10230): Verilog HDL assignment warning at buf_cnt.v(14): truncated value with size 32 to match size of target (8) File: C:/Users/ROG/Desktop/myCA5/ca5/buf_cnt.v Line: 14
Info (12128): Elaborating entity "controller1" for hierarchy "controller1:inst3"
Warning (10036): Verilog HDL or VHDL warning at controller.v(5): object "serOutValid" assigned a value but never read File: C:/Users/ROG/Desktop/myCA5/ca5/controller.v Line: 5
Info (12128): Elaborating entity "sqd1" for hierarchy "sqd1:inst"
Info (12128): Elaborating entity "cnt_shift1" for hierarchy "cnt_shift1:inst1"
Warning (10230): Verilog HDL assignment warning at cnt_shift.v(24): truncated value with size 32 to match size of target (3) File: C:/Users/ROG/Desktop/myCA5/ca5/cnt_shift.v Line: 24
Info (286030): Timing-Driven Synthesis is running
Info (17049): 4 registers lost all their fanouts during netlist optimizations.
Info (16010): Generating hard_block partition "hard_block:auto_generated_inst"
    Info (16011): Adding 0 node(s), including 0 DDIO, 0 PLL, 0 transceiver and 0 LCELL
Info (21057): Implemented 50 device resources after synthesis - the final resource count might be different
    Info (21058): Implemented 3 input pins
    Info (21059): Implemented 1 output pins
    Info (21061): Implemented 46 logic cells
Info: Quartus Prime Analysis & Synthesis was successful. 0 errors, 4 warnings
    Info: Peak virtual memory: 4898 megabytes
    Info: Processing ended: Tue Jan 02 22:37:33 2024
    Info: Elapsed time: 00:00:06
    Info: Total CPU time (on all processors): 00:00:07


